<?xml version="1.0" encoding="UTF-8"?>
<!-- Generated by org.testng.reporters.JUnitReportReporter -->
<testsuite hostname="DESKTOP-IJEOIQ2" failures="0" tests="1" name="apachePOI.ParameterizationTest" time="49.321" errors="0" timestamp="2021-05-06T13:33:15 IST" skipped="0">
  <testcase classname="apachePOI.ParameterizationTest" name="logIn" time="49.321"/>
  <system-out/>
</testsuite> <!-- apachePOI.ParameterizationTest -->
