<?xml version="1.0" encoding="UTF-8"?>
<!-- Generated by org.testng.reporters.JUnitReportReporter -->
<testsuite hostname="DESKTOP-IJEOIQ2" failures="0" tests="6" name="runner.CheckTopMenuTest" time="252.480" errors="0" timestamp="2021-05-06T13:40:33 IST" skipped="0">
  <testcase classname="runner.CheckTopMenuTest" name="runScenario" time="34.057"/>
  <system-out>
    <![CDATA[<div "result">user is in the homepage of Asianpaints.com (PASSED : 31s)</div>
<div "result">user should successfully view paints &amp; textures option in homepage. (PASSED : 2s)</div>]]>
  </system-out>
  <testcase classname="runner.CheckTopMenuTest" name="runScenario" time="52.456"/>
  <system-out>
    <![CDATA[<div "result">user is in the homepage of Asianpaints.com (PASSED : 48s)</div>
<div "result">user should successfully view ideas option in home page. (PASSED : 4s)</div>]]>
  </system-out>
  <testcase classname="runner.CheckTopMenuTest" name="runScenario" time="41.424"/>
  <system-out>
    <![CDATA[<div "result">user is in the homepage of Asianpaints.com (PASSED : 37s)</div>
<div "result">user should successfully view services option in homeoage. (PASSED : 3s)</div>]]>
  </system-out>
  <testcase classname="runner.CheckTopMenuTest" name="runScenario" time="52.684"/>
  <system-out>
    <![CDATA[<div "result">user is in the homepage of Asianpaints.com (PASSED : 50s)</div>
<div "result">user should successfully view shop option in home page (PASSED : 2s)</div>]]>
  </system-out>
  <testcase classname="runner.CheckTopMenuTest" name="runScenario" time="38.170"/>
  <system-out>
    <![CDATA[<div "result">user is in the homepage of Asianpaints.com (PASSED : 35s)</div>
<div "result">user should successfully view health &amp; hygiene option in homepage (PASSED : 3s)</div>]]>
  </system-out>
  <testcase classname="runner.CheckTopMenuTest" name="runScenario" time="33.689"/>
  <system-out>
    <![CDATA[<div "result">user is in the homepage of Asianpaints.com (PASSED : 31s)</div>
<div "result">user should successfully view Wall coverings option in homepage (PASSED : 2s)</div>]]>
  </system-out>
</testsuite> <!-- runner.CheckTopMenuTest -->
