<?xml version="1.0" encoding="UTF-8"?>
<!-- Generated by org.testng.reporters.JUnitReportReporter -->
<testsuite hostname="DESKTOP-IJEOIQ2" failures="0" tests="1" name="runner.CheckTitleTest" time="41.824" errors="0" timestamp="2021-05-09T10:09:35 IST" skipped="0">
  <testcase classname="runner.CheckTitleTest" name="runScenario" time="41.824"/>
  <system-out>
    <![CDATA[<div "result">user is in the home page of the application (PASSED : 39s)</div>
<div "result">user should successfully view the title of application (PASSED : 2s)</div>]]>
  </system-out>
</testsuite> <!-- runner.CheckTitleTest -->
