<?xml version="1.0" encoding="UTF-8"?>
<!-- Generated by org.testng.reporters.JUnitReportReporter -->
<testsuite hostname="DESKTOP-IJEOIQ2" failures="0" tests="2" name="runner.CheckHeadersTest" time="37.751" errors="0" timestamp="2021-05-09T10:06:33 IST" skipped="0">
  <testcase classname="runner.CheckHeadersTest" name="runScenario" time="19.060"/>
  <system-out>
    <![CDATA[<div "result">User is in the home page of the application (PASSED : 15s)</div>
<div "result">user should successfully view all the informations present in the application. (PASSED : 3s)</div>]]>
  </system-out>
  <testcase classname="runner.CheckHeadersTest" name="runScenario" time="18.691"/>
  <system-out>
    <![CDATA[<div "result">User is in the home page of the application (PASSED : 16s)</div>
<div "result">user should successfully view all headers present in application (PASSED : 2s)</div>]]>
  </system-out>
</testsuite> <!-- runner.CheckHeadersTest -->
