<?xml version="1.0" encoding="UTF-8"?>
<!-- Generated by org.testng.reporters.JUnitReportReporter -->
<testsuite hostname="DESKTOP-IJEOIQ2" failures="0" tests="2" name="runner.LoginTest" time="153.026" errors="0" timestamp="2021-05-09T10:42:21 IST" skipped="0">
  <testcase classname="runner.LoginTest" name="runScenario" time="118.355"/>
  <system-out>
    <![CDATA[<div "result">user is in the login page of the of the application (PASSED : 45s)</div>
<div "result">user provides valid 9123687233 (PASSED : 40s)</div>
<div "result">user should successfully view Sign out option (PASSED : 32s)</div>]]>
  </system-out>
  <testcase classname="runner.LoginTest" name="runScenario" time="34.671"/>
  <system-out>
    <![CDATA[<div "result">user is in the home page of AsianPaints application (PASSED : 25s)</div>
<div "result">user provides invalid 912368723 (PASSED : 1s)</div>
<div "result">user should successfully view mobile no is invalid (PASSED : 7s)</div>]]>
  </system-out>
</testsuite> <!-- runner.LoginTest -->
